<?xml version="1.0" encoding="UTF-8"?>
<testsuite xmlns:xsi="http://www.w3.org/2001/XMLSchema-instance" xsi:noNamespaceSchemaLocation="https://maven.apache.org/surefire/maven-surefire-plugin/xsd/surefire-test-report-3.0.xsd" version="3.0" name="TestSuite" time="9.526" tests="1" errors="0" skipped="0" failures="0">
  <properties>
    <property name="java.specification.version" value="17"/>
    <property name="sun.cpu.isalist" value="amd64"/>
    <property name="sun.jnu.encoding" value="Cp1252"/>
    <property name="java.class.path" value="E:\Selenium\Maven\TestMavenProjectForLearning1\target\test-classes;E:\Selenium\Maven\TestMavenProjectForLearning1\target\classes;C:\Users\TSI058\.m2\repository\org\slf4j\slf4j-jdk14\2.0.0-alpha0\slf4j-jdk14-2.0.0-alpha0.jar;C:\Users\TSI058\.m2\repository\org\slf4j\slf4j-api\2.0.0-alpha0\slf4j-api-2.0.0-alpha0.jar;C:\Users\TSI058\.m2\repository\org\seleniumhq\selenium\selenium-java\4.15.0\selenium-java-4.15.0.jar;C:\Users\TSI058\.m2\repository\org\seleniumhq\selenium\selenium-api\4.15.0\selenium-api-4.15.0.jar;C:\Users\TSI058\.m2\repository\org\seleniumhq\selenium\selenium-chrome-driver\4.15.0\selenium-chrome-driver-4.15.0.jar;C:\Users\TSI058\.m2\repository\com\google\auto\service\auto-service-annotations\1.1.1\auto-service-annotations-1.1.1.jar;C:\Users\TSI058\.m2\repository\org\seleniumhq\selenium\selenium-chromium-driver\4.15.0\selenium-chromium-driver-4.15.0.jar;C:\Users\TSI058\.m2\repository\org\seleniumhq\selenium\selenium-json\4.15.0\selenium-json-4.15.0.jar;C:\Users\TSI058\.m2\repository\org\seleniumhq\selenium\selenium-manager\4.15.0\selenium-manager-4.15.0.jar;C:\Users\TSI058\.m2\repository\org\seleniumhq\selenium\selenium-devtools-v117\4.15.0\selenium-devtools-v117-4.15.0.jar;C:\Users\TSI058\.m2\repository\org\seleniumhq\selenium\selenium-devtools-v118\4.15.0\selenium-devtools-v118-4.15.0.jar;C:\Users\TSI058\.m2\repository\org\seleniumhq\selenium\selenium-devtools-v119\4.15.0\selenium-devtools-v119-4.15.0.jar;C:\Users\TSI058\.m2\repository\org\seleniumhq\selenium\selenium-devtools-v85\4.15.0\selenium-devtools-v85-4.15.0.jar;C:\Users\TSI058\.m2\repository\org\seleniumhq\selenium\selenium-edge-driver\4.15.0\selenium-edge-driver-4.15.0.jar;C:\Users\TSI058\.m2\repository\org\seleniumhq\selenium\selenium-firefox-driver\4.15.0\selenium-firefox-driver-4.15.0.jar;C:\Users\TSI058\.m2\repository\org\seleniumhq\selenium\selenium-http\4.15.0\selenium-http-4.15.0.jar;C:\Users\TSI058\.m2\repository\dev\failsafe\failsafe\3.3.2\failsafe-3.3.2.jar;C:\Users\TSI058\.m2\repository\org\seleniumhq\selenium\selenium-ie-driver\4.15.0\selenium-ie-driver-4.15.0.jar;C:\Users\TSI058\.m2\repository\org\seleniumhq\selenium\selenium-remote-driver\4.15.0\selenium-remote-driver-4.15.0.jar;C:\Users\TSI058\.m2\repository\com\google\guava\guava\32.1.2-jre\guava-32.1.2-jre.jar;C:\Users\TSI058\.m2\repository\com\google\guava\failureaccess\1.0.1\failureaccess-1.0.1.jar;C:\Users\TSI058\.m2\repository\com\google\guava\listenablefuture\9999.0-empty-to-avoid-conflict-with-guava\listenablefuture-9999.0-empty-to-avoid-conflict-with-guava.jar;C:\Users\TSI058\.m2\repository\com\google\code\findbugs\jsr305\3.0.2\jsr305-3.0.2.jar;C:\Users\TSI058\.m2\repository\org\checkerframework\checker-qual\3.33.0\checker-qual-3.33.0.jar;C:\Users\TSI058\.m2\repository\com\google\errorprone\error_prone_annotations\2.18.0\error_prone_annotations-2.18.0.jar;C:\Users\TSI058\.m2\repository\com\google\j2objc\j2objc-annotations\2.8\j2objc-annotations-2.8.jar;C:\Users\TSI058\.m2\repository\io\opentelemetry\opentelemetry-api\1.28.0\opentelemetry-api-1.28.0.jar;C:\Users\TSI058\.m2\repository\io\opentelemetry\opentelemetry-context\1.28.0\opentelemetry-context-1.28.0.jar;C:\Users\TSI058\.m2\repository\io\opentelemetry\opentelemetry-exporter-logging\1.28.0\opentelemetry-exporter-logging-1.28.0.jar;C:\Users\TSI058\.m2\repository\io\opentelemetry\opentelemetry-sdk-metrics\1.28.0\opentelemetry-sdk-metrics-1.28.0.jar;C:\Users\TSI058\.m2\repository\io\opentelemetry\opentelemetry-extension-incubator\1.28.0-alpha\opentelemetry-extension-incubator-1.28.0-alpha.jar;C:\Users\TSI058\.m2\repository\io\opentelemetry\opentelemetry-sdk-logs\1.28.0\opentelemetry-sdk-logs-1.28.0.jar;C:\Users\TSI058\.m2\repository\io\opentelemetry\opentelemetry-sdk-common\1.28.0\opentelemetry-sdk-common-1.28.0.jar;C:\Users\TSI058\.m2\repository\io\opentelemetry\opentelemetry-sdk-extension-autoconfigure-spi\1.28.0\opentelemetry-sdk-extension-autoconfigure-spi-1.28.0.jar;C:\Users\TSI058\.m2\repository\io\opentelemetry\opentelemetry-sdk-extension-autoconfigure\1.28.0\opentelemetry-sdk-extension-autoconfigure-1.28.0.jar;C:\Users\TSI058\.m2\repository\io\opentelemetry\opentelemetry-api-events\1.28.0-alpha\opentelemetry-api-events-1.28.0-alpha.jar;C:\Users\TSI058\.m2\repository\io\opentelemetry\opentelemetry-sdk-trace\1.28.0\opentelemetry-sdk-trace-1.28.0.jar;C:\Users\TSI058\.m2\repository\io\opentelemetry\opentelemetry-sdk\1.28.0\opentelemetry-sdk-1.28.0.jar;C:\Users\TSI058\.m2\repository\io\opentelemetry\opentelemetry-semconv\1.28.0-alpha\opentelemetry-semconv-1.28.0-alpha.jar;C:\Users\TSI058\.m2\repository\net\bytebuddy\byte-buddy\1.14.5\byte-buddy-1.14.5.jar;C:\Users\TSI058\.m2\repository\org\seleniumhq\selenium\selenium-os\4.15.0\selenium-os-4.15.0.jar;C:\Users\TSI058\.m2\repository\org\apache\commons\commons-exec\1.3\commons-exec-1.3.jar;C:\Users\TSI058\.m2\repository\org\seleniumhq\selenium\selenium-safari-driver\4.15.0\selenium-safari-driver-4.15.0.jar;C:\Users\TSI058\.m2\repository\org\seleniumhq\selenium\selenium-support\4.15.0\selenium-support-4.15.0.jar;C:\Users\TSI058\.m2\repository\io\github\bonigarcia\webdrivermanager\5.3.2\webdrivermanager-5.3.2.jar;C:\Users\TSI058\.m2\repository\com\google\code\gson\gson\2.10.1\gson-2.10.1.jar;C:\Users\TSI058\.m2\repository\com\github\docker-java\docker-java\3.2.14\docker-java-3.2.14.jar;C:\Users\TSI058\.m2\repository\com\github\docker-java\docker-java-core\3.2.14\docker-java-core-3.2.14.jar;C:\Users\TSI058\.m2\repository\com\github\docker-java\docker-java-api\3.2.14\docker-java-api-3.2.14.jar;C:\Users\TSI058\.m2\repository\com\fasterxml\jackson\core\jackson-annotations\2.10.3\jackson-annotations-2.10.3.jar;C:\Users\TSI058\.m2\repository\commons-io\commons-io\2.6\commons-io-2.6.jar;C:\Users\TSI058\.m2\repository\com\fasterxml\jackson\core\jackson-databind\2.10.3\jackson-databind-2.10.3.jar;C:\Users\TSI058\.m2\repository\com\fasterxml\jackson\core\jackson-core\2.10.3\jackson-core-2.10.3.jar;C:\Users\TSI058\.m2\repository\com\github\docker-java\docker-java-transport-httpclient5\3.2.14\docker-java-transport-httpclient5-3.2.14.jar;C:\Users\TSI058\.m2\repository\com\github\docker-java\docker-java-transport\3.2.14\docker-java-transport-3.2.14.jar;C:\Users\TSI058\.m2\repository\net\java\dev\jna\jna\5.12.1\jna-5.12.1.jar;C:\Users\TSI058\.m2\repository\org\brotli\dec\0.1.2\dec-0.1.2.jar;C:\Users\TSI058\.m2\repository\org\apache\commons\commons-lang3\3.12.0\commons-lang3-3.12.0.jar;C:\Users\TSI058\.m2\repository\org\apache\httpcomponents\client5\httpclient5\5.2.1\httpclient5-5.2.1.jar;C:\Users\TSI058\.m2\repository\org\apache\httpcomponents\core5\httpcore5\5.2\httpcore5-5.2.jar;C:\Users\TSI058\.m2\repository\org\apache\httpcomponents\core5\httpcore5-h2\5.2\httpcore5-h2-5.2.jar;C:\Users\TSI058\.m2\repository\org\testng\testng\7.7.1\testng-7.7.1.jar;C:\Users\TSI058\.m2\repository\com\beust\jcommander\1.82\jcommander-1.82.jar;C:\Users\TSI058\.m2\repository\org\webjars\jquery\3.6.1\jquery-3.6.1.jar;C:\Users\TSI058\.m2\repository\org\apache\poi\poi\5.0.0\poi-5.0.0.jar;C:\Users\TSI058\.m2\repository\org\slf4j\jcl-over-slf4j\1.7.30\jcl-over-slf4j-1.7.30.jar;C:\Users\TSI058\.m2\repository\commons-codec\commons-codec\1.15\commons-codec-1.15.jar;C:\Users\TSI058\.m2\repository\org\apache\commons\commons-collections4\4.4\commons-collections4-4.4.jar;C:\Users\TSI058\.m2\repository\org\apache\commons\commons-math3\3.6.1\commons-math3-3.6.1.jar;C:\Users\TSI058\.m2\repository\com\zaxxer\SparseBitSet\1.2\SparseBitSet-1.2.jar;C:\Users\TSI058\.m2\repository\org\apache\poi\poi-ooxml\5.0.0\poi-ooxml-5.0.0.jar;C:\Users\TSI058\.m2\repository\org\apache\poi\poi-ooxml-lite\5.0.0\poi-ooxml-lite-5.0.0.jar;C:\Users\TSI058\.m2\repository\org\apache\xmlbeans\xmlbeans\4.0.0\xmlbeans-4.0.0.jar;C:\Users\TSI058\.m2\repository\org\apache\commons\commons-compress\1.20\commons-compress-1.20.jar;C:\Users\TSI058\.m2\repository\com\github\virtuald\curvesapi\1.06\curvesapi-1.06.jar;C:\Users\TSI058\.m2\repository\org\bouncycastle\bcpkix-jdk15on\1.68\bcpkix-jdk15on-1.68.jar;C:\Users\TSI058\.m2\repository\org\bouncycastle\bcprov-jdk15on\1.68\bcprov-jdk15on-1.68.jar;C:\Users\TSI058\.m2\repository\org\apache\santuario\xmlsec\2.2.1\xmlsec-2.2.1.jar;C:\Users\TSI058\.m2\repository\com\fasterxml\woodstox\woodstox-core\5.2.1\woodstox-core-5.2.1.jar;C:\Users\TSI058\.m2\repository\org\codehaus\woodstox\stax2-api\4.2\stax2-api-4.2.jar;C:\Users\TSI058\.m2\repository\jakarta\xml\bind\jakarta.xml.bind-api\2.3.2\jakarta.xml.bind-api-2.3.2.jar;C:\Users\TSI058\.m2\repository\jakarta\activation\jakarta.activation-api\1.2.1\jakarta.activation-api-1.2.1.jar;C:\Users\TSI058\.m2\repository\org\apache\xmlgraphics\batik-all\1.13\batik-all-1.13.jar;C:\Users\TSI058\.m2\repository\org\apache\xmlgraphics\batik-anim\1.13\batik-anim-1.13.jar;C:\Users\TSI058\.m2\repository\org\apache\xmlgraphics\batik-shared-resources\1.13\batik-shared-resources-1.13.jar;C:\Users\TSI058\.m2\repository\xml-apis\xml-apis-ext\1.3.04\xml-apis-ext-1.3.04.jar;C:\Users\TSI058\.m2\repository\org\apache\xmlgraphics\batik-awt-util\1.13\batik-awt-util-1.13.jar;C:\Users\TSI058\.m2\repository\org\apache\xmlgraphics\xmlgraphics-commons\2.4\xmlgraphics-commons-2.4.jar;C:\Users\TSI058\.m2\repository\org\apache\xmlgraphics\batik-bridge\1.13\batik-bridge-1.13.jar;C:\Users\TSI058\.m2\repository\org\apache\xmlgraphics\batik-codec\1.13\batik-codec-1.13.jar;C:\Users\TSI058\.m2\repository\org\apache\xmlgraphics\batik-constants\1.13\batik-constants-1.13.jar;C:\Users\TSI058\.m2\repository\org\apache\xmlgraphics\batik-css\1.13\batik-css-1.13.jar;C:\Users\TSI058\.m2\repository\org\apache\xmlgraphics\batik-dom\1.13\batik-dom-1.13.jar;C:\Users\TSI058\.m2\repository\xalan\xalan\2.7.2\xalan-2.7.2.jar;C:\Users\TSI058\.m2\repository\xalan\serializer\2.7.2\serializer-2.7.2.jar;C:\Users\TSI058\.m2\repository\xml-apis\xml-apis\1.4.01\xml-apis-1.4.01.jar;C:\Users\TSI058\.m2\repository\org\apache\xmlgraphics\batik-ext\1.13\batik-ext-1.13.jar;C:\Users\TSI058\.m2\repository\org\apache\xmlgraphics\batik-extension\1.13\batik-extension-1.13.jar;C:\Users\TSI058\.m2\repository\org\apache\xmlgraphics\batik-gui-util\1.13\batik-gui-util-1.13.jar;C:\Users\TSI058\.m2\repository\org\apache\xmlgraphics\batik-gvt\1.13\batik-gvt-1.13.jar;C:\Users\TSI058\.m2\repository\org\apache\xmlgraphics\batik-i18n\1.13\batik-i18n-1.13.jar;C:\Users\TSI058\.m2\repository\org\apache\xmlgraphics\batik-parser\1.13\batik-parser-1.13.jar;C:\Users\TSI058\.m2\repository\org\apache\xmlgraphics\batik-rasterizer-ext\1.13\batik-rasterizer-ext-1.13.jar;C:\Users\TSI058\.m2\repository\org\apache\xmlgraphics\batik-rasterizer\1.13\batik-rasterizer-1.13.jar;C:\Users\TSI058\.m2\repository\org\apache\xmlgraphics\batik-script\1.13\batik-script-1.13.jar;C:\Users\TSI058\.m2\repository\org\apache\xmlgraphics\batik-slideshow\1.13\batik-slideshow-1.13.jar;C:\Users\TSI058\.m2\repository\org\apache\xmlgraphics\batik-squiggle-ext\1.13\batik-squiggle-ext-1.13.jar;C:\Users\TSI058\.m2\repository\org\apache\xmlgraphics\batik-squiggle\1.13\batik-squiggle-1.13.jar;C:\Users\TSI058\.m2\repository\org\apache\xmlgraphics\batik-svg-dom\1.13\batik-svg-dom-1.13.jar;C:\Users\TSI058\.m2\repository\org\apache\xmlgraphics\batik-svgbrowser\1.13\batik-svgbrowser-1.13.jar;C:\Users\TSI058\.m2\repository\org\apache\xmlgraphics\batik-svggen\1.13\batik-svggen-1.13.jar;C:\Users\TSI058\.m2\repository\org\apache\xmlgraphics\batik-svgpp\1.13\batik-svgpp-1.13.jar;C:\Users\TSI058\.m2\repository\org\apache\xmlgraphics\batik-svgrasterizer\1.13\batik-svgrasterizer-1.13.jar;C:\Users\TSI058\.m2\repository\org\apache\xmlgraphics\batik-swing\1.13\batik-swing-1.13.jar;C:\Users\TSI058\.m2\repository\org\apache\xmlgraphics\batik-transcoder\1.13\batik-transcoder-1.13.jar;C:\Users\TSI058\.m2\repository\org\apache\xmlgraphics\batik-util\1.13\batik-util-1.13.jar;C:\Users\TSI058\.m2\repository\org\apache\xmlgraphics\batik-ttf2svg\1.13\batik-ttf2svg-1.13.jar;C:\Users\TSI058\.m2\repository\org\apache\xmlgraphics\batik-xml\1.13\batik-xml-1.13.jar;C:\Users\TSI058\.m2\repository\de\rototor\pdfbox\graphics2d\0.30\graphics2d-0.30.jar;C:\Users\TSI058\.m2\repository\org\apache\pdfbox\pdfbox\2.0.22\pdfbox-2.0.22.jar;C:\Users\TSI058\.m2\repository\org\apache\pdfbox\fontbox\2.0.22\fontbox-2.0.22.jar;C:\Users\TSI058\.m2\repository\com\aventstack\extentreports\5.0.0\extentreports-5.0.0.jar;C:\Users\TSI058\.m2\repository\io\reactivex\rxjava3\rxjava\3.0.4\rxjava-3.0.4.jar;C:\Users\TSI058\.m2\repository\org\reactivestreams\reactive-streams\1.0.3\reactive-streams-1.0.3.jar;C:\Users\TSI058\.m2\repository\org\freemarker\freemarker\2.3.30\freemarker-2.3.30.jar;C:\Users\TSI058\.m2\repository\org\projectlombok\lombok\1.18.24\lombok-1.18.24.jar;"/>
    <property name="java.vm.vendor" value="Oracle Corporation"/>
    <property name="sun.arch.data.model" value="64"/>
    <property name="user.variant" value=""/>
    <property name="java.vendor.url" value="https://java.oracle.com/"/>
    <property name="user.timezone" value="Asia/Calcutta"/>
    <property name="os.name" value="Windows 10"/>
    <property name="java.vm.specification.version" value="17"/>
    <property name="sun.java.launcher" value="SUN_STANDARD"/>
    <property name="user.country" value="IN"/>
    <property name="sun.boot.library.path" value="C:\Program Files\Java\jdk-17.0.4.1\bin"/>
    <property name="sun.java.command" value="C:\Temp\surefire7858725283230625330\surefirebooter-20231227173615124_3.jar C:\Temp\surefire7858725283230625330 2023-12-27T17-36-14_777-jvmRun1 surefire-20231227173615124_1tmp surefire_0-20231227173615124_2tmp"/>
    <property name="jdk.debug" value="release"/>
    <property name="surefire.test.class.path" value="E:\Selenium\Maven\TestMavenProjectForLearning1\target\test-classes;E:\Selenium\Maven\TestMavenProjectForLearning1\target\classes;C:\Users\TSI058\.m2\repository\org\slf4j\slf4j-jdk14\2.0.0-alpha0\slf4j-jdk14-2.0.0-alpha0.jar;C:\Users\TSI058\.m2\repository\org\slf4j\slf4j-api\2.0.0-alpha0\slf4j-api-2.0.0-alpha0.jar;C:\Users\TSI058\.m2\repository\org\seleniumhq\selenium\selenium-java\4.15.0\selenium-java-4.15.0.jar;C:\Users\TSI058\.m2\repository\org\seleniumhq\selenium\selenium-api\4.15.0\selenium-api-4.15.0.jar;C:\Users\TSI058\.m2\repository\org\seleniumhq\selenium\selenium-chrome-driver\4.15.0\selenium-chrome-driver-4.15.0.jar;C:\Users\TSI058\.m2\repository\com\google\auto\service\auto-service-annotations\1.1.1\auto-service-annotations-1.1.1.jar;C:\Users\TSI058\.m2\repository\org\seleniumhq\selenium\selenium-chromium-driver\4.15.0\selenium-chromium-driver-4.15.0.jar;C:\Users\TSI058\.m2\repository\org\seleniumhq\selenium\selenium-json\4.15.0\selenium-json-4.15.0.jar;C:\Users\TSI058\.m2\repository\org\seleniumhq\selenium\selenium-manager\4.15.0\selenium-manager-4.15.0.jar;C:\Users\TSI058\.m2\repository\org\seleniumhq\selenium\selenium-devtools-v117\4.15.0\selenium-devtools-v117-4.15.0.jar;C:\Users\TSI058\.m2\repository\org\seleniumhq\selenium\selenium-devtools-v118\4.15.0\selenium-devtools-v118-4.15.0.jar;C:\Users\TSI058\.m2\repository\org\seleniumhq\selenium\selenium-devtools-v119\4.15.0\selenium-devtools-v119-4.15.0.jar;C:\Users\TSI058\.m2\repository\org\seleniumhq\selenium\selenium-devtools-v85\4.15.0\selenium-devtools-v85-4.15.0.jar;C:\Users\TSI058\.m2\repository\org\seleniumhq\selenium\selenium-edge-driver\4.15.0\selenium-edge-driver-4.15.0.jar;C:\Users\TSI058\.m2\repository\org\seleniumhq\selenium\selenium-firefox-driver\4.15.0\selenium-firefox-driver-4.15.0.jar;C:\Users\TSI058\.m2\repository\org\seleniumhq\selenium\selenium-http\4.15.0\selenium-http-4.15.0.jar;C:\Users\TSI058\.m2\repository\dev\failsafe\failsafe\3.3.2\failsafe-3.3.2.jar;C:\Users\TSI058\.m2\repository\org\seleniumhq\selenium\selenium-ie-driver\4.15.0\selenium-ie-driver-4.15.0.jar;C:\Users\TSI058\.m2\repository\org\seleniumhq\selenium\selenium-remote-driver\4.15.0\selenium-remote-driver-4.15.0.jar;C:\Users\TSI058\.m2\repository\com\google\guava\guava\32.1.2-jre\guava-32.1.2-jre.jar;C:\Users\TSI058\.m2\repository\com\google\guava\failureaccess\1.0.1\failureaccess-1.0.1.jar;C:\Users\TSI058\.m2\repository\com\google\guava\listenablefuture\9999.0-empty-to-avoid-conflict-with-guava\listenablefuture-9999.0-empty-to-avoid-conflict-with-guava.jar;C:\Users\TSI058\.m2\repository\com\google\code\findbugs\jsr305\3.0.2\jsr305-3.0.2.jar;C:\Users\TSI058\.m2\repository\org\checkerframework\checker-qual\3.33.0\checker-qual-3.33.0.jar;C:\Users\TSI058\.m2\repository\com\google\errorprone\error_prone_annotations\2.18.0\error_prone_annotations-2.18.0.jar;C:\Users\TSI058\.m2\repository\com\google\j2objc\j2objc-annotations\2.8\j2objc-annotations-2.8.jar;C:\Users\TSI058\.m2\repository\io\opentelemetry\opentelemetry-api\1.28.0\opentelemetry-api-1.28.0.jar;C:\Users\TSI058\.m2\repository\io\opentelemetry\opentelemetry-context\1.28.0\opentelemetry-context-1.28.0.jar;C:\Users\TSI058\.m2\repository\io\opentelemetry\opentelemetry-exporter-logging\1.28.0\opentelemetry-exporter-logging-1.28.0.jar;C:\Users\TSI058\.m2\repository\io\opentelemetry\opentelemetry-sdk-metrics\1.28.0\opentelemetry-sdk-metrics-1.28.0.jar;C:\Users\TSI058\.m2\repository\io\opentelemetry\opentelemetry-extension-incubator\1.28.0-alpha\opentelemetry-extension-incubator-1.28.0-alpha.jar;C:\Users\TSI058\.m2\repository\io\opentelemetry\opentelemetry-sdk-logs\1.28.0\opentelemetry-sdk-logs-1.28.0.jar;C:\Users\TSI058\.m2\repository\io\opentelemetry\opentelemetry-sdk-common\1.28.0\opentelemetry-sdk-common-1.28.0.jar;C:\Users\TSI058\.m2\repository\io\opentelemetry\opentelemetry-sdk-extension-autoconfigure-spi\1.28.0\opentelemetry-sdk-extension-autoconfigure-spi-1.28.0.jar;C:\Users\TSI058\.m2\repository\io\opentelemetry\opentelemetry-sdk-extension-autoconfigure\1.28.0\opentelemetry-sdk-extension-autoconfigure-1.28.0.jar;C:\Users\TSI058\.m2\repository\io\opentelemetry\opentelemetry-api-events\1.28.0-alpha\opentelemetry-api-events-1.28.0-alpha.jar;C:\Users\TSI058\.m2\repository\io\opentelemetry\opentelemetry-sdk-trace\1.28.0\opentelemetry-sdk-trace-1.28.0.jar;C:\Users\TSI058\.m2\repository\io\opentelemetry\opentelemetry-sdk\1.28.0\opentelemetry-sdk-1.28.0.jar;C:\Users\TSI058\.m2\repository\io\opentelemetry\opentelemetry-semconv\1.28.0-alpha\opentelemetry-semconv-1.28.0-alpha.jar;C:\Users\TSI058\.m2\repository\net\bytebuddy\byte-buddy\1.14.5\byte-buddy-1.14.5.jar;C:\Users\TSI058\.m2\repository\org\seleniumhq\selenium\selenium-os\4.15.0\selenium-os-4.15.0.jar;C:\Users\TSI058\.m2\repository\org\apache\commons\commons-exec\1.3\commons-exec-1.3.jar;C:\Users\TSI058\.m2\repository\org\seleniumhq\selenium\selenium-safari-driver\4.15.0\selenium-safari-driver-4.15.0.jar;C:\Users\TSI058\.m2\repository\org\seleniumhq\selenium\selenium-support\4.15.0\selenium-support-4.15.0.jar;C:\Users\TSI058\.m2\repository\io\github\bonigarcia\webdrivermanager\5.3.2\webdrivermanager-5.3.2.jar;C:\Users\TSI058\.m2\repository\com\google\code\gson\gson\2.10.1\gson-2.10.1.jar;C:\Users\TSI058\.m2\repository\com\github\docker-java\docker-java\3.2.14\docker-java-3.2.14.jar;C:\Users\TSI058\.m2\repository\com\github\docker-java\docker-java-core\3.2.14\docker-java-core-3.2.14.jar;C:\Users\TSI058\.m2\repository\com\github\docker-java\docker-java-api\3.2.14\docker-java-api-3.2.14.jar;C:\Users\TSI058\.m2\repository\com\fasterxml\jackson\core\jackson-annotations\2.10.3\jackson-annotations-2.10.3.jar;C:\Users\TSI058\.m2\repository\commons-io\commons-io\2.6\commons-io-2.6.jar;C:\Users\TSI058\.m2\repository\com\fasterxml\jackson\core\jackson-databind\2.10.3\jackson-databind-2.10.3.jar;C:\Users\TSI058\.m2\repository\com\fasterxml\jackson\core\jackson-core\2.10.3\jackson-core-2.10.3.jar;C:\Users\TSI058\.m2\repository\com\github\docker-java\docker-java-transport-httpclient5\3.2.14\docker-java-transport-httpclient5-3.2.14.jar;C:\Users\TSI058\.m2\repository\com\github\docker-java\docker-java-transport\3.2.14\docker-java-transport-3.2.14.jar;C:\Users\TSI058\.m2\repository\net\java\dev\jna\jna\5.12.1\jna-5.12.1.jar;C:\Users\TSI058\.m2\repository\org\brotli\dec\0.1.2\dec-0.1.2.jar;C:\Users\TSI058\.m2\repository\org\apache\commons\commons-lang3\3.12.0\commons-lang3-3.12.0.jar;C:\Users\TSI058\.m2\repository\org\apache\httpcomponents\client5\httpclient5\5.2.1\httpclient5-5.2.1.jar;C:\Users\TSI058\.m2\repository\org\apache\httpcomponents\core5\httpcore5\5.2\httpcore5-5.2.jar;C:\Users\TSI058\.m2\repository\org\apache\httpcomponents\core5\httpcore5-h2\5.2\httpcore5-h2-5.2.jar;C:\Users\TSI058\.m2\repository\org\testng\testng\7.7.1\testng-7.7.1.jar;C:\Users\TSI058\.m2\repository\com\beust\jcommander\1.82\jcommander-1.82.jar;C:\Users\TSI058\.m2\repository\org\webjars\jquery\3.6.1\jquery-3.6.1.jar;C:\Users\TSI058\.m2\repository\org\apache\poi\poi\5.0.0\poi-5.0.0.jar;C:\Users\TSI058\.m2\repository\org\slf4j\jcl-over-slf4j\1.7.30\jcl-over-slf4j-1.7.30.jar;C:\Users\TSI058\.m2\repository\commons-codec\commons-codec\1.15\commons-codec-1.15.jar;C:\Users\TSI058\.m2\repository\org\apache\commons\commons-collections4\4.4\commons-collections4-4.4.jar;C:\Users\TSI058\.m2\repository\org\apache\commons\commons-math3\3.6.1\commons-math3-3.6.1.jar;C:\Users\TSI058\.m2\repository\com\zaxxer\SparseBitSet\1.2\SparseBitSet-1.2.jar;C:\Users\TSI058\.m2\repository\org\apache\poi\poi-ooxml\5.0.0\poi-ooxml-5.0.0.jar;C:\Users\TSI058\.m2\repository\org\apache\poi\poi-ooxml-lite\5.0.0\poi-ooxml-lite-5.0.0.jar;C:\Users\TSI058\.m2\repository\org\apache\xmlbeans\xmlbeans\4.0.0\xmlbeans-4.0.0.jar;C:\Users\TSI058\.m2\repository\org\apache\commons\commons-compress\1.20\commons-compress-1.20.jar;C:\Users\TSI058\.m2\repository\com\github\virtuald\curvesapi\1.06\curvesapi-1.06.jar;C:\Users\TSI058\.m2\repository\org\bouncycastle\bcpkix-jdk15on\1.68\bcpkix-jdk15on-1.68.jar;C:\Users\TSI058\.m2\repository\org\bouncycastle\bcprov-jdk15on\1.68\bcprov-jdk15on-1.68.jar;C:\Users\TSI058\.m2\repository\org\apache\santuario\xmlsec\2.2.1\xmlsec-2.2.1.jar;C:\Users\TSI058\.m2\repository\com\fasterxml\woodstox\woodstox-core\5.2.1\woodstox-core-5.2.1.jar;C:\Users\TSI058\.m2\repository\org\codehaus\woodstox\stax2-api\4.2\stax2-api-4.2.jar;C:\Users\TSI058\.m2\repository\jakarta\xml\bind\jakarta.xml.bind-api\2.3.2\jakarta.xml.bind-api-2.3.2.jar;C:\Users\TSI058\.m2\repository\jakarta\activation\jakarta.activation-api\1.2.1\jakarta.activation-api-1.2.1.jar;C:\Users\TSI058\.m2\repository\org\apache\xmlgraphics\batik-all\1.13\batik-all-1.13.jar;C:\Users\TSI058\.m2\repository\org\apache\xmlgraphics\batik-anim\1.13\batik-anim-1.13.jar;C:\Users\TSI058\.m2\repository\org\apache\xmlgraphics\batik-shared-resources\1.13\batik-shared-resources-1.13.jar;C:\Users\TSI058\.m2\repository\xml-apis\xml-apis-ext\1.3.04\xml-apis-ext-1.3.04.jar;C:\Users\TSI058\.m2\repository\org\apache\xmlgraphics\batik-awt-util\1.13\batik-awt-util-1.13.jar;C:\Users\TSI058\.m2\repository\org\apache\xmlgraphics\xmlgraphics-commons\2.4\xmlgraphics-commons-2.4.jar;C:\Users\TSI058\.m2\repository\org\apache\xmlgraphics\batik-bridge\1.13\batik-bridge-1.13.jar;C:\Users\TSI058\.m2\repository\org\apache\xmlgraphics\batik-codec\1.13\batik-codec-1.13.jar;C:\Users\TSI058\.m2\repository\org\apache\xmlgraphics\batik-constants\1.13\batik-constants-1.13.jar;C:\Users\TSI058\.m2\repository\org\apache\xmlgraphics\batik-css\1.13\batik-css-1.13.jar;C:\Users\TSI058\.m2\repository\org\apache\xmlgraphics\batik-dom\1.13\batik-dom-1.13.jar;C:\Users\TSI058\.m2\repository\xalan\xalan\2.7.2\xalan-2.7.2.jar;C:\Users\TSI058\.m2\repository\xalan\serializer\2.7.2\serializer-2.7.2.jar;C:\Users\TSI058\.m2\repository\xml-apis\xml-apis\1.4.01\xml-apis-1.4.01.jar;C:\Users\TSI058\.m2\repository\org\apache\xmlgraphics\batik-ext\1.13\batik-ext-1.13.jar;C:\Users\TSI058\.m2\repository\org\apache\xmlgraphics\batik-extension\1.13\batik-extension-1.13.jar;C:\Users\TSI058\.m2\repository\org\apache\xmlgraphics\batik-gui-util\1.13\batik-gui-util-1.13.jar;C:\Users\TSI058\.m2\repository\org\apache\xmlgraphics\batik-gvt\1.13\batik-gvt-1.13.jar;C:\Users\TSI058\.m2\repository\org\apache\xmlgraphics\batik-i18n\1.13\batik-i18n-1.13.jar;C:\Users\TSI058\.m2\repository\org\apache\xmlgraphics\batik-parser\1.13\batik-parser-1.13.jar;C:\Users\TSI058\.m2\repository\org\apache\xmlgraphics\batik-rasterizer-ext\1.13\batik-rasterizer-ext-1.13.jar;C:\Users\TSI058\.m2\repository\org\apache\xmlgraphics\batik-rasterizer\1.13\batik-rasterizer-1.13.jar;C:\Users\TSI058\.m2\repository\org\apache\xmlgraphics\batik-script\1.13\batik-script-1.13.jar;C:\Users\TSI058\.m2\repository\org\apache\xmlgraphics\batik-slideshow\1.13\batik-slideshow-1.13.jar;C:\Users\TSI058\.m2\repository\org\apache\xmlgraphics\batik-squiggle-ext\1.13\batik-squiggle-ext-1.13.jar;C:\Users\TSI058\.m2\repository\org\apache\xmlgraphics\batik-squiggle\1.13\batik-squiggle-1.13.jar;C:\Users\TSI058\.m2\repository\org\apache\xmlgraphics\batik-svg-dom\1.13\batik-svg-dom-1.13.jar;C:\Users\TSI058\.m2\repository\org\apache\xmlgraphics\batik-svgbrowser\1.13\batik-svgbrowser-1.13.jar;C:\Users\TSI058\.m2\repository\org\apache\xmlgraphics\batik-svggen\1.13\batik-svggen-1.13.jar;C:\Users\TSI058\.m2\repository\org\apache\xmlgraphics\batik-svgpp\1.13\batik-svgpp-1.13.jar;C:\Users\TSI058\.m2\repository\org\apache\xmlgraphics\batik-svgrasterizer\1.13\batik-svgrasterizer-1.13.jar;C:\Users\TSI058\.m2\repository\org\apache\xmlgraphics\batik-swing\1.13\batik-swing-1.13.jar;C:\Users\TSI058\.m2\repository\org\apache\xmlgraphics\batik-transcoder\1.13\batik-transcoder-1.13.jar;C:\Users\TSI058\.m2\repository\org\apache\xmlgraphics\batik-util\1.13\batik-util-1.13.jar;C:\Users\TSI058\.m2\repository\org\apache\xmlgraphics\batik-ttf2svg\1.13\batik-ttf2svg-1.13.jar;C:\Users\TSI058\.m2\repository\org\apache\xmlgraphics\batik-xml\1.13\batik-xml-1.13.jar;C:\Users\TSI058\.m2\repository\de\rototor\pdfbox\graphics2d\0.30\graphics2d-0.30.jar;C:\Users\TSI058\.m2\repository\org\apache\pdfbox\pdfbox\2.0.22\pdfbox-2.0.22.jar;C:\Users\TSI058\.m2\repository\org\apache\pdfbox\fontbox\2.0.22\fontbox-2.0.22.jar;C:\Users\TSI058\.m2\repository\com\aventstack\extentreports\5.0.0\extentreports-5.0.0.jar;C:\Users\TSI058\.m2\repository\io\reactivex\rxjava3\rxjava\3.0.4\rxjava-3.0.4.jar;C:\Users\TSI058\.m2\repository\org\reactivestreams\reactive-streams\1.0.3\reactive-streams-1.0.3.jar;C:\Users\TSI058\.m2\repository\org\freemarker\freemarker\2.3.30\freemarker-2.3.30.jar;C:\Users\TSI058\.m2\repository\org\projectlombok\lombok\1.18.24\lombok-1.18.24.jar;"/>
    <property name="sun.cpu.endian" value="little"/>
    <property name="user.home" value="C:\Users\TSI058"/>
    <property name="user.language" value="en"/>
    <property name="java.specification.vendor" value="Oracle Corporation"/>
    <property name="java.version.date" value="2022-08-18"/>
    <property name="java.home" value="C:\Program Files\Java\jdk-17.0.4.1"/>
    <property name="file.separator" value="\"/>
    <property name="basedir" value="E:\Selenium\Maven\TestMavenProjectForLearning1"/>
    <property name="java.vm.compressedOopsMode" value="32-bit"/>
    <property name="line.separator" value="&#10;"/>
    <property name="java.vm.specification.vendor" value="Oracle Corporation"/>
    <property name="java.specification.name" value="Java Platform API Specification"/>
    <property name="surefire.real.class.path" value="C:\Temp\surefire7858725283230625330\surefirebooter-20231227173615124_3.jar"/>
    <property name="user.script" value=""/>
    <property name="sun.management.compiler" value="HotSpot 64-Bit Tiered Compilers"/>
    <property name="java.runtime.version" value="17.0.4.1+1-LTS-2"/>
    <property name="user.name" value="TSI058"/>
    <property name="path.separator" value=";"/>
    <property name="os.version" value="10.0"/>
    <property name="java.runtime.name" value="Java(TM) SE Runtime Environment"/>
    <property name="file.encoding" value="Cp1252"/>
    <property name="java.vm.name" value="Java HotSpot(TM) 64-Bit Server VM"/>
    <property name="localRepository" value="C:\Users\TSI058\.m2\repository"/>
    <property name="java.vendor.url.bug" value="https://bugreport.java.com/bugreport/"/>
    <property name="java.io.tmpdir" value="C:\Temp\"/>
    <property name="java.version" value="17.0.4.1"/>
    <property name="user.dir" value="E:\Selenium\Maven\TestMavenProjectForLearning1"/>
    <property name="os.arch" value="amd64"/>
    <property name="java.vm.specification.name" value="Java Virtual Machine Specification"/>
    <property name="sun.os.patch.level" value=""/>
    <property name="native.encoding" value="Cp1252"/>
    <property name="java.library.path" value="C:\Program Files\Java\jdk-17.0.4.1\bin;C:\WINDOWS\Sun\Java\bin;C:\WINDOWS\system32;C:\WINDOWS;C:\Program Files\apache-maven-3.9.2/bin;C:\Program Files\Java\jdk-17.0.4.1/bin;C:\Users\TSI058\.jenkins\tools\chromedriver;C:\Program Files\Java\jdk-17.0.4.1/bin;C:\Program Files\Common Files\Oracle\Java\javapath;C:\WINDOWS\system32;C:\WINDOWS;C:\WINDOWS\System32\Wbem;C:\WINDOWS\System32\WindowsPowerShell\v1.0\;C:\WINDOWS\System32\OpenSSH\;C:\Program Files\dotnet\;C:\Program Files\Microsoft SQL Server\Client SDK\ODBC\170\Tools\Binn\;C:\Program Files (x86)\Microsoft SQL Server\150\Tools\Binn\;C:\Program Files\Microsoft SQL Server\150\Tools\Binn\;C:\Program Files\Microsoft SQL Server\150\DTS\Binn\;C:\Program Files (x86)\Microsoft SQL Server\150\DTS\Binn\;C:\Program Files\Azure Data Studio\bin;C:\Program Files (x86)\ReferralNet Claims\lib\bin;C:\Program Files (x86)\Microsoft SQL Server\100\Tools\Binn\;C:\Program Files (x86)\Microsoft SQL Server\100\DTS\Binn\;C:\Program Files\nodejs\;C:\Program Files\Git\cmd;C:\WINDOWS\system32;C:\WINDOWS;C:\WINDOWS\System32\Wbem;C:\WINDOWS\System32\WindowsPowerShell\v1.0\;C:\WINDOWS\System32\OpenSSH\;C:\Users\TSI058\AppData\Local\Microsoft\WindowsApps;;C:\Program Files\Azure Data Studio\bin;C:\Users\TSI058\.dotnet\tools;C:\Users\TSI058\AppData\Roaming\npm;C:\Users\TSI058\AppData\Local\Programs\Microsoft VS Code\bin;."/>
    <property name="java.vm.info" value="mixed mode, sharing"/>
    <property name="java.vendor" value="Oracle Corporation"/>
    <property name="java.vm.version" value="17.0.4.1+1-LTS-2"/>
    <property name="sun.io.unicode.encoding" value="UnicodeLittle"/>
    <property name="java.class.version" value="61.0"/>
  </properties>
  <testcase name="login" classname="mavenTest.Test01" time="8.346">
    <system-out><![CDATA[THIS TEST IS SUCCESSFUL
]]></system-out>
    <system-err><![CDATA[Dec 27, 2023 5:36:20 PM org.openqa.selenium.devtools.CdpVersionFinder findNearestMatch
WARNING: Unable to find an exact match for CDP version 120, returning the closest version; found: 119; Please update to a Selenium version that supports CDP version 120
]]></system-err>
  </testcase>
</testsuite>