<?xml version="1.0" encoding="UTF-8"?>
<!-- Generated by org.testng.reporters.JUnitReportReporter -->
<testsuite hostname="TSI0058-peraveenkumar" failures="0" tests="1" name="mavenTest.Test01" time="8.345" errors="0" timestamp="2023-12-27T17:36:25 IST" skipped="0">
  <testcase classname="mavenTest.Test01" name="login" time="8.345"/>
  <system-out/>
</testsuite> <!-- mavenTest.Test01 -->
